2018-05-28 00:09:09.661  INFO 4196 --- [http-nio-8080-exec-1] o.a.c.c.C.[Tomcat].[localhost].[/]       : Initializing Spring FrameworkServlet 'dispatcherServlet'
2018-05-28 00:09:09.712  INFO 4196 --- [http-nio-8080-exec-1] o.s.web.servlet.DispatcherServlet        : FrameworkServlet 'dispatcherServlet': initialization started
2018-05-28 00:09:09.826  INFO 4196 --- [http-nio-8080-exec-1] o.s.web.servlet.DispatcherServlet        : FrameworkServlet 'dispatcherServlet': initialization completed in 81 ms
2018-05-28 00:09:09.871  INFO 4196 --- [http-nio-8080-exec-4] lt.mif.ise.logging.MethodLogger          : 

-------- Logger.preHandle --- 
Request URL: http://localhost:8080/api/shoppingcart
Start Time: 1527455349871
Method: GET
2018-05-28 00:09:09.873  INFO 4196 --- [http-nio-8080-exec-3] lt.mif.ise.logging.MethodLogger          : 

-------- Logger.preHandle --- 
Request URL: http://localhost:8080/api/product/page
Start Time: 1527455349873
Method: GET
2018-05-28 00:09:09.873  INFO 4196 --- [http-nio-8080-exec-2] lt.mif.ise.logging.MethodLogger          : 

-------- Logger.preHandle --- 
Request URL: http://localhost:8080/api/user/me
Start Time: 1527455349873
Method: GET
2018-05-28 00:09:09.872  INFO 4196 --- [http-nio-8080-exec-1] lt.mif.ise.logging.MethodLogger          : 

-------- Logger.preHandle --- 
Request URL: http://localhost:8080/api/category
Start Time: 1527455349872
Method: GET
2018-05-28 00:09:10.084  INFO 4196 --- [http-nio-8080-exec-2] lt.mif.ise.logging.MethodLogger          : 

-------- Logger.postHandle --- 
Request URL: http://localhost:8080/api/user/me
STATUS: 200
2018-05-28 00:09:10.084  INFO 4196 --- [http-nio-8080-exec-4] lt.mif.ise.logging.MethodLogger          : 

-------- Logger.postHandle --- 
Request URL: http://localhost:8080/api/shoppingcart
STATUS: 200
2018-05-28 00:09:10.094  INFO 4196 --- [http-nio-8080-exec-1] lt.mif.ise.logging.MethodLogger          : 

-------- Logger.postHandle --- 
Request URL: http://localhost:8080/api/category
STATUS: 200
2018-05-28 00:09:10.109  INFO 4196 --- [http-nio-8080-exec-3] lt.mif.ise.logging.MethodLogger          : 

-------- Logger.postHandle --- 
Request URL: http://localhost:8080/api/product/page
STATUS: 200
2018-05-28 00:09:11.024  INFO 4196 --- [http-nio-8080-exec-5] lt.mif.ise.logging.MethodLogger          : 

-------- Logger.preHandle --- 
Request URL: http://localhost:8080/api/product/page
Start Time: 1527455351024
Method: GET
2018-05-28 00:09:11.033  INFO 4196 --- [http-nio-8080-exec-5] lt.mif.ise.logging.MethodLogger          : 

-------- Logger.postHandle --- 
Request URL: http://localhost:8080/api/product/page
STATUS: 200
2018-05-28 00:09:11.330  INFO 4196 --- [http-nio-8080-exec-7] lt.mif.ise.logging.MethodLogger          : 

-------- Logger.preHandle --- 
Request URL: http://localhost:8080/api/shoppingcart
Start Time: 1527455351330
Method: GET
2018-05-28 00:09:11.330  INFO 4196 --- [http-nio-8080-exec-6] lt.mif.ise.logging.MethodLogger          : 

-------- Logger.preHandle --- 
Request URL: http://localhost:8080/api/category
Start Time: 1527455351330
Method: GET
2018-05-28 00:09:11.330  INFO 4196 --- [http-nio-8080-exec-8] lt.mif.ise.logging.MethodLogger          : 

-------- Logger.preHandle --- 
Request URL: http://localhost:8080/api/user/me
Start Time: 1527455351330
Method: GET
2018-05-28 00:09:11.342  INFO 4196 --- [http-nio-8080-exec-8] lt.mif.ise.logging.MethodLogger          : 

-------- Logger.postHandle --- 
Request URL: http://localhost:8080/api/user/me
STATUS: 200
2018-05-28 00:09:11.344  INFO 4196 --- [http-nio-8080-exec-7] lt.mif.ise.logging.MethodLogger          : 

-------- Logger.postHandle --- 
Request URL: http://localhost:8080/api/shoppingcart
STATUS: 200
2018-05-28 00:09:11.345  INFO 4196 --- [http-nio-8080-exec-6] lt.mif.ise.logging.MethodLogger          : 

-------- Logger.postHandle --- 
Request URL: http://localhost:8080/api/category
STATUS: 200
2018-05-28 00:09:11.562  INFO 4196 --- [http-nio-8080-exec-9] lt.mif.ise.logging.MethodLogger          : 

-------- Logger.preHandle --- 
Request URL: http://localhost:8080/api/product/page
Start Time: 1527455351562
Method: GET
2018-05-28 00:09:11.571  INFO 4196 --- [http-nio-8080-exec-9] lt.mif.ise.logging.MethodLogger          : 

-------- Logger.postHandle --- 
Request URL: http://localhost:8080/api/product/page
STATUS: 200
2018-05-28 00:09:16.198  INFO 4196 --- [http-nio-8080-exec-3] lt.mif.ise.logging.MethodLogger          : 

-------- Logger.preHandle --- 
Request URL: http://localhost:8080/api/category
Start Time: 1527455356198
Method: GET
2018-05-28 00:09:16.199  INFO 4196 --- [http-nio-8080-exec-1] lt.mif.ise.logging.MethodLogger          : 

-------- Logger.preHandle --- 
Request URL: http://localhost:8080/api/user/me
Start Time: 1527455356199
Method: GET
2018-05-28 00:09:16.198  INFO 4196 --- [http-nio-8080-exec-10] lt.mif.ise.logging.MethodLogger          : 

-------- Logger.preHandle --- 
Request URL: http://localhost:8080/api/product/page
Start Time: 1527455356198
Method: GET
2018-05-28 00:09:16.204  INFO 4196 --- [http-nio-8080-exec-1] lt.mif.ise.logging.MethodLogger          : 

-------- Logger.postHandle --- 
Request URL: http://localhost:8080/api/user/me
STATUS: 200
2018-05-28 00:09:16.210  INFO 4196 --- [http-nio-8080-exec-3] lt.mif.ise.logging.MethodLogger          : 

-------- Logger.postHandle --- 
Request URL: http://localhost:8080/api/category
STATUS: 200
2018-05-28 00:09:16.211  INFO 4196 --- [http-nio-8080-exec-10] lt.mif.ise.logging.MethodLogger          : 

-------- Logger.postHandle --- 
Request URL: http://localhost:8080/api/product/page
STATUS: 200
2018-05-28 00:09:16.221  INFO 4196 --- [http-nio-8080-exec-2] lt.mif.ise.logging.MethodLogger          : 

-------- Logger.preHandle --- 
Request URL: http://localhost:8080/api/shoppingcart
Start Time: 1527455356221
Method: GET
2018-05-28 00:09:16.224  INFO 4196 --- [http-nio-8080-exec-2] lt.mif.ise.logging.MethodLogger          : 

-------- Logger.postHandle --- 
Request URL: http://localhost:8080/api/shoppingcart
STATUS: 200
2018-05-28 00:09:16.465  INFO 4196 --- [http-nio-8080-exec-4] lt.mif.ise.logging.MethodLogger          : 

-------- Logger.preHandle --- 
Request URL: http://localhost:8080/api/product/page
Start Time: 1527455356465
Method: GET
2018-05-28 00:09:16.477  INFO 4196 --- [http-nio-8080-exec-4] lt.mif.ise.logging.MethodLogger          : 

-------- Logger.postHandle --- 
Request URL: http://localhost:8080/api/product/page
STATUS: 200
2018-05-28 00:10:05.366  INFO 4196 --- [http-nio-8080-exec-5] lt.mif.ise.logging.MethodLogger          : 

-------- Logger.preHandle --- 
Request URL: http://localhost:8080/api/product/page
Start Time: 1527455405366
Method: GET
2018-05-28 00:10:05.366  INFO 4196 --- [http-nio-8080-exec-8] lt.mif.ise.logging.MethodLogger          : 

-------- Logger.preHandle --- 
Request URL: http://localhost:8080/api/category
Start Time: 1527455405366
Method: GET
2018-05-28 00:10:05.371  INFO 4196 --- [http-nio-8080-exec-8] lt.mif.ise.logging.MethodLogger          : 

-------- Logger.postHandle --- 
Request URL: http://localhost:8080/api/category
STATUS: 200
2018-05-28 00:10:05.374  INFO 4196 --- [http-nio-8080-exec-5] lt.mif.ise.logging.MethodLogger          : 

-------- Logger.postHandle --- 
Request URL: http://localhost:8080/api/product/page
STATUS: 200
2018-05-28 00:10:05.667  INFO 4196 --- [http-nio-8080-exec-7] lt.mif.ise.logging.MethodLogger          : 

-------- Logger.preHandle --- 
Request URL: http://localhost:8080/api/user/me
Start Time: 1527455405667
Method: GET
2018-05-28 00:10:05.667  INFO 4196 --- [http-nio-8080-exec-6] lt.mif.ise.logging.MethodLogger          : 

-------- Logger.preHandle --- 
Request URL: http://localhost:8080/api/shoppingcart
Start Time: 1527455405667
Method: GET
2018-05-28 00:10:05.668  INFO 4196 --- [http-nio-8080-exec-7] lt.mif.ise.logging.MethodLogger          : 

-------- Logger.postHandle --- 
Request URL: http://localhost:8080/api/user/me
STATUS: 200
2018-05-28 00:10:05.670  INFO 4196 --- [http-nio-8080-exec-6] lt.mif.ise.logging.MethodLogger          : 

-------- Logger.postHandle --- 
Request URL: http://localhost:8080/api/shoppingcart
STATUS: 200
2018-05-28 00:10:05.678  INFO 4196 --- [http-nio-8080-exec-9] lt.mif.ise.logging.MethodLogger          : 

-------- Logger.preHandle --- 
Request URL: http://localhost:8080/api/product/page
Start Time: 1527455405678
Method: GET
2018-05-28 00:10:05.686  INFO 4196 --- [http-nio-8080-exec-9] lt.mif.ise.logging.MethodLogger          : 

-------- Logger.postHandle --- 
Request URL: http://localhost:8080/api/product/page
STATUS: 200
2018-05-28 00:10:05.966  INFO 4196 --- [http-nio-8080-exec-1] lt.mif.ise.logging.MethodLogger          : 

-------- Logger.preHandle --- 
Request URL: http://localhost:8080/api/product/page
Start Time: 1527455405966
Method: GET
2018-05-28 00:10:05.970  INFO 4196 --- [http-nio-8080-exec-3] lt.mif.ise.logging.MethodLogger          : 

-------- Logger.preHandle --- 
Request URL: http://localhost:8080/api/category
Start Time: 1527455405970
Method: GET
2018-05-28 00:10:05.980  INFO 4196 --- [http-nio-8080-exec-3] lt.mif.ise.logging.MethodLogger          : 

-------- Logger.postHandle --- 
Request URL: http://localhost:8080/api/category
STATUS: 200
2018-05-28 00:10:05.984  INFO 4196 --- [http-nio-8080-exec-1] lt.mif.ise.logging.MethodLogger          : 

-------- Logger.postHandle --- 
Request URL: http://localhost:8080/api/product/page
STATUS: 200
2018-05-28 00:10:05.988  INFO 4196 --- [http-nio-8080-exec-10] lt.mif.ise.logging.MethodLogger          : 

-------- Logger.preHandle --- 
Request URL: http://localhost:8080/api/user/me
Start Time: 1527455405988
Method: GET
2018-05-28 00:10:06.083  INFO 4196 --- [http-nio-8080-exec-10] lt.mif.ise.logging.MethodLogger          : 

-------- Logger.postHandle --- 
Request URL: http://localhost:8080/api/user/me
STATUS: 200
2018-05-28 00:10:06.365  INFO 4196 --- [http-nio-8080-exec-2] lt.mif.ise.logging.MethodLogger          : 

-------- Logger.preHandle --- 
Request URL: http://localhost:8080/api/shoppingcart
Start Time: 1527455406365
Method: GET
2018-05-28 00:10:06.368  INFO 4196 --- [http-nio-8080-exec-2] lt.mif.ise.logging.MethodLogger          : 

-------- Logger.postHandle --- 
Request URL: http://localhost:8080/api/shoppingcart
STATUS: 200
2018-05-28 00:10:15.372  INFO 4196 --- [http-nio-8080-exec-4] lt.mif.ise.logging.MethodLogger          : 

-------- Logger.preHandle --- 
Request URL: http://localhost:8080/api/product/page
Start Time: 1527455415372
Method: GET
2018-05-28 00:10:15.374  INFO 4196 --- [http-nio-8080-exec-8] lt.mif.ise.logging.MethodLogger          : 

-------- Logger.preHandle --- 
Request URL: http://localhost:8080/api/category
Start Time: 1527455415374
Method: GET
2018-05-28 00:10:15.376  INFO 4196 --- [http-nio-8080-exec-5] lt.mif.ise.logging.MethodLogger          : 

-------- Logger.preHandle --- 
Request URL: http://localhost:8080/api/user/me
Start Time: 1527455415376
Method: GET
2018-05-28 00:10:15.388  INFO 4196 --- [http-nio-8080-exec-7] lt.mif.ise.logging.MethodLogger          : 

-------- Logger.preHandle --- 
Request URL: http://localhost:8080/api/shoppingcart
Start Time: 1527455415388
Method: GET
2018-05-28 00:10:15.390  INFO 4196 --- [http-nio-8080-exec-5] lt.mif.ise.logging.MethodLogger          : 

-------- Logger.postHandle --- 
Request URL: http://localhost:8080/api/user/me
STATUS: 200
2018-05-28 00:10:15.381  INFO 4196 --- [http-nio-8080-exec-4] lt.mif.ise.logging.MethodLogger          : 

-------- Logger.postHandle --- 
Request URL: http://localhost:8080/api/product/page
STATUS: 200
2018-05-28 00:10:15.380  INFO 4196 --- [http-nio-8080-exec-8] lt.mif.ise.logging.MethodLogger          : 

-------- Logger.postHandle --- 
Request URL: http://localhost:8080/api/category
STATUS: 200
2018-05-28 00:10:15.391  INFO 4196 --- [http-nio-8080-exec-7] lt.mif.ise.logging.MethodLogger          : 

-------- Logger.postHandle --- 
Request URL: http://localhost:8080/api/shoppingcart
STATUS: 200
2018-05-28 00:10:15.633  INFO 4196 --- [http-nio-8080-exec-6] lt.mif.ise.logging.MethodLogger          : 

-------- Logger.preHandle --- 
Request URL: http://localhost:8080/api/product/page
Start Time: 1527455415633
Method: GET
2018-05-28 00:10:15.642  INFO 4196 --- [http-nio-8080-exec-6] lt.mif.ise.logging.MethodLogger          : 

-------- Logger.postHandle --- 
Request URL: http://localhost:8080/api/product/page
STATUS: 200
2018-05-28 00:10:19.093  INFO 4196 --- [http-nio-8080-exec-3] lt.mif.ise.logging.MethodLogger          : 

-------- Logger.preHandle --- 
Request URL: http://localhost:8080/api/category
Start Time: 1527455419093
Principal: org.springframework.security.authentication.UsernamePasswordAuthenticationToken@6feb47cb: Principal: lt.mif.ise.security.MyUserDetails@2f488e29; Credentials: [PROTECTED]; Authenticated: true; Details: org.springframework.security.web.authentication.WebAuthenticationDetails@0: RemoteIpAddress: 127.0.0.1; SessionId: 9F8BCC33F7FA5B4EABE0802997E34C44; Granted Authorities: ROLE_ADMIN
Method: GET
2018-05-28 00:10:19.096  INFO 4196 --- [http-nio-8080-exec-2] lt.mif.ise.logging.MethodLogger          : 

-------- Logger.preHandle --- 
Request URL: http://localhost:8080/api/shoppingcart
Start Time: 1527455419096
Principal: org.springframework.security.authentication.UsernamePasswordAuthenticationToken@6feb47cb: Principal: lt.mif.ise.security.MyUserDetails@2f488e29; Credentials: [PROTECTED]; Authenticated: true; Details: org.springframework.security.web.authentication.WebAuthenticationDetails@0: RemoteIpAddress: 127.0.0.1; SessionId: 9F8BCC33F7FA5B4EABE0802997E34C44; Granted Authorities: ROLE_ADMIN
Method: GET
2018-05-28 00:10:19.094  INFO 4196 --- [http-nio-8080-exec-10] lt.mif.ise.logging.MethodLogger          : 

-------- Logger.preHandle --- 
Request URL: http://localhost:8080/api/user/me
Start Time: 1527455419094
Principal: org.springframework.security.authentication.UsernamePasswordAuthenticationToken@6feb47cb: Principal: lt.mif.ise.security.MyUserDetails@2f488e29; Credentials: [PROTECTED]; Authenticated: true; Details: org.springframework.security.web.authentication.WebAuthenticationDetails@0: RemoteIpAddress: 127.0.0.1; SessionId: 9F8BCC33F7FA5B4EABE0802997E34C44; Granted Authorities: ROLE_ADMIN
Method: GET
2018-05-28 00:10:19.104  INFO 4196 --- [http-nio-8080-exec-2] lt.mif.ise.logging.MethodLogger          : 

-------- Logger.postHandle --- 
Request URL: http://localhost:8080/api/shoppingcart
STATUS: 200
2018-05-28 00:10:19.103  INFO 4196 --- [http-nio-8080-exec-3] lt.mif.ise.logging.MethodLogger          : 

-------- Logger.postHandle --- 
Request URL: http://localhost:8080/api/category
STATUS: 200
2018-05-28 00:10:19.093  INFO 4196 --- [http-nio-8080-exec-1] lt.mif.ise.logging.MethodLogger          : 

-------- Logger.preHandle --- 
Request URL: http://localhost:8080/api/product/page
Start Time: 1527455419093
Principal: org.springframework.security.authentication.UsernamePasswordAuthenticationToken@6feb47cb: Principal: lt.mif.ise.security.MyUserDetails@2f488e29; Credentials: [PROTECTED]; Authenticated: true; Details: org.springframework.security.web.authentication.WebAuthenticationDetails@0: RemoteIpAddress: 127.0.0.1; SessionId: 9F8BCC33F7FA5B4EABE0802997E34C44; Granted Authorities: ROLE_ADMIN
Method: GET
2018-05-28 00:10:19.118  INFO 4196 --- [http-nio-8080-exec-10] lt.mif.ise.logging.MethodLogger          : 

-------- Logger.postHandle --- 
Request URL: http://localhost:8080/api/user/me
STATUS: 200
2018-05-28 00:10:19.123  INFO 4196 --- [http-nio-8080-exec-1] lt.mif.ise.logging.MethodLogger          : 

-------- Logger.postHandle --- 
Request URL: http://localhost:8080/api/product/page
STATUS: 200
2018-05-28 00:10:19.216  INFO 4196 --- [http-nio-8080-exec-5] lt.mif.ise.logging.MethodLogger          : 

-------- Logger.preHandle --- 
Request URL: http://localhost:8080/api/product/page
Start Time: 1527455419216
Principal: org.springframework.security.authentication.UsernamePasswordAuthenticationToken@6feb47cb: Principal: lt.mif.ise.security.MyUserDetails@2f488e29; Credentials: [PROTECTED]; Authenticated: true; Details: org.springframework.security.web.authentication.WebAuthenticationDetails@0: RemoteIpAddress: 127.0.0.1; SessionId: 9F8BCC33F7FA5B4EABE0802997E34C44; Granted Authorities: ROLE_ADMIN
Method: GET
2018-05-28 00:10:19.224  INFO 4196 --- [http-nio-8080-exec-5] lt.mif.ise.logging.MethodLogger          : 

-------- Logger.postHandle --- 
Request URL: http://localhost:8080/api/product/page
STATUS: 200
2018-05-28 00:13:02.090  INFO 4196 --- [http-nio-8080-exec-7] lt.mif.ise.logging.MethodLogger          : 

-------- Logger.preHandle --- 
Request URL: http://localhost:8080/api/product/page
Start Time: 1527455582090
Principal: org.springframework.security.authentication.UsernamePasswordAuthenticationToken@4ee3718d: Principal: lt.mif.ise.security.MyUserDetails@e402d11; Credentials: [PROTECTED]; Authenticated: true; Details: org.springframework.security.web.authentication.WebAuthenticationDetails@957e: RemoteIpAddress: 127.0.0.1; SessionId: null; Granted Authorities: ROLE_ADMIN
Method: GET
2018-05-28 00:13:02.123  INFO 4196 --- [http-nio-8080-exec-7] lt.mif.ise.logging.MethodLogger          : 

-------- Logger.postHandle --- 
Request URL: http://localhost:8080/api/product/page
STATUS: 200
2018-05-28 00:13:02.102  INFO 4196 --- [http-nio-8080-exec-2] lt.mif.ise.logging.MethodLogger          : 

-------- Logger.preHandle --- 
Request URL: http://localhost:8080/api/shoppingcart
Start Time: 1527455582102
Principal: org.springframework.security.authentication.UsernamePasswordAuthenticationToken@4ee3718d: Principal: lt.mif.ise.security.MyUserDetails@e402d11; Credentials: [PROTECTED]; Authenticated: true; Details: org.springframework.security.web.authentication.WebAuthenticationDetails@957e: RemoteIpAddress: 127.0.0.1; SessionId: null; Granted Authorities: ROLE_ADMIN
Method: GET
2018-05-28 00:13:02.096  INFO 4196 --- [http-nio-8080-exec-9] lt.mif.ise.logging.MethodLogger          : 

-------- Logger.preHandle --- 
Request URL: http://localhost:8080/api/category
Start Time: 1527455582096
Principal: org.springframework.security.authentication.UsernamePasswordAuthenticationToken@4ee3718d: Principal: lt.mif.ise.security.MyUserDetails@e402d11; Credentials: [PROTECTED]; Authenticated: true; Details: org.springframework.security.web.authentication.WebAuthenticationDetails@957e: RemoteIpAddress: 127.0.0.1; SessionId: null; Granted Authorities: ROLE_ADMIN
Method: GET
2018-05-28 00:13:02.092  INFO 4196 --- [http-nio-8080-exec-6] lt.mif.ise.logging.MethodLogger          : 

-------- Logger.preHandle --- 
Request URL: http://localhost:8080/api/user/me
Start Time: 1527455582092
Principal: org.springframework.security.authentication.UsernamePasswordAuthenticationToken@4ee3718d: Principal: lt.mif.ise.security.MyUserDetails@e402d11; Credentials: [PROTECTED]; Authenticated: true; Details: org.springframework.security.web.authentication.WebAuthenticationDetails@957e: RemoteIpAddress: 127.0.0.1; SessionId: null; Granted Authorities: ROLE_ADMIN
Method: GET
2018-05-28 00:13:02.130  INFO 4196 --- [http-nio-8080-exec-2] lt.mif.ise.logging.MethodLogger          : 

-------- Logger.postHandle --- 
Request URL: http://localhost:8080/api/shoppingcart
STATUS: 200
2018-05-28 00:13:02.153  INFO 4196 --- [http-nio-8080-exec-9] lt.mif.ise.logging.MethodLogger          : 

-------- Logger.postHandle --- 
Request URL: http://localhost:8080/api/category
STATUS: 200
2018-05-28 00:13:02.142  INFO 4196 --- [http-nio-8080-exec-6] lt.mif.ise.logging.MethodLogger          : 

-------- Logger.postHandle --- 
Request URL: http://localhost:8080/api/user/me
STATUS: 200
2018-05-28 00:13:02.210  INFO 4196 --- [http-nio-8080-exec-3] lt.mif.ise.logging.MethodLogger          : 

-------- Logger.preHandle --- 
Request URL: http://localhost:8080/api/product/page
Start Time: 1527455582210
Principal: org.springframework.security.authentication.UsernamePasswordAuthenticationToken@4ee3718d: Principal: lt.mif.ise.security.MyUserDetails@e402d11; Credentials: [PROTECTED]; Authenticated: true; Details: org.springframework.security.web.authentication.WebAuthenticationDetails@957e: RemoteIpAddress: 127.0.0.1; SessionId: null; Granted Authorities: ROLE_ADMIN
Method: GET
2018-05-28 00:13:02.217  INFO 4196 --- [http-nio-8080-exec-3] lt.mif.ise.logging.MethodLogger          : 

-------- Logger.postHandle --- 
Request URL: http://localhost:8080/api/product/page
STATUS: 200
2018-05-28 00:13:10.362  INFO 4196 --- [http-nio-8080-exec-5] lt.mif.ise.logging.MethodLogger          : 

-------- Logger.preHandle --- 
Request URL: http://localhost:8080/api/user/me
Start Time: 1527455590362
Principal: org.springframework.security.authentication.UsernamePasswordAuthenticationToken@251fe789: Principal: lt.mif.ise.security.MyUserDetails@610270c7; Credentials: [PROTECTED]; Authenticated: true; Details: org.springframework.security.web.authentication.WebAuthenticationDetails@957e: RemoteIpAddress: 127.0.0.1; SessionId: null; Granted Authorities: ROLE_USER
Method: GET
2018-05-28 00:13:10.363  INFO 4196 --- [http-nio-8080-exec-4] lt.mif.ise.logging.MethodLogger          : 

-------- Logger.preHandle --- 
Request URL: http://localhost:8080/api/shoppingcart
Start Time: 1527455590363
Principal: org.springframework.security.authentication.UsernamePasswordAuthenticationToken@251fe789: Principal: lt.mif.ise.security.MyUserDetails@610270c7; Credentials: [PROTECTED]; Authenticated: true; Details: org.springframework.security.web.authentication.WebAuthenticationDetails@957e: RemoteIpAddress: 127.0.0.1; SessionId: null; Granted Authorities: ROLE_USER
Method: GET
2018-05-28 00:13:10.379  INFO 4196 --- [http-nio-8080-exec-5] lt.mif.ise.logging.MethodLogger          : 

-------- Logger.postHandle --- 
Request URL: http://localhost:8080/api/user/me
STATUS: 200
2018-05-28 00:13:10.383  INFO 4196 --- [http-nio-8080-exec-4] lt.mif.ise.logging.MethodLogger          : 

-------- Logger.postHandle --- 
Request URL: http://localhost:8080/api/shoppingcart
STATUS: 200
2018-05-28 00:13:14.952  INFO 4196 --- [http-nio-8080-exec-8] lt.mif.ise.logging.MethodLogger          : 

-------- Logger.preHandle --- 
Request URL: http://localhost:8080/api/product/page
Start Time: 1527455594952
Principal: org.springframework.security.authentication.UsernamePasswordAuthenticationToken@251fe789: Principal: lt.mif.ise.security.MyUserDetails@610270c7; Credentials: [PROTECTED]; Authenticated: true; Details: org.springframework.security.web.authentication.WebAuthenticationDetails@957e: RemoteIpAddress: 127.0.0.1; SessionId: null; Granted Authorities: ROLE_USER
Method: GET
2018-05-28 00:13:14.952  INFO 4196 --- [http-nio-8080-exec-7] lt.mif.ise.logging.MethodLogger          : 

-------- Logger.preHandle --- 
Request URL: http://localhost:8080/api/category
Start Time: 1527455594952
Principal: org.springframework.security.authentication.UsernamePasswordAuthenticationToken@251fe789: Principal: lt.mif.ise.security.MyUserDetails@610270c7; Credentials: [PROTECTED]; Authenticated: true; Details: org.springframework.security.web.authentication.WebAuthenticationDetails@957e: RemoteIpAddress: 127.0.0.1; SessionId: null; Granted Authorities: ROLE_USER
Method: GET
2018-05-28 00:13:14.967  INFO 4196 --- [http-nio-8080-exec-7] lt.mif.ise.logging.MethodLogger          : 

-------- Logger.postHandle --- 
Request URL: http://localhost:8080/api/category
STATUS: 200
2018-05-28 00:13:14.966  INFO 4196 --- [http-nio-8080-exec-8] lt.mif.ise.logging.MethodLogger          : 

-------- Logger.postHandle --- 
Request URL: http://localhost:8080/api/product/page
STATUS: 200
2018-05-28 00:13:15.260  INFO 4196 --- [http-nio-8080-exec-2] lt.mif.ise.logging.MethodLogger          : 

-------- Logger.preHandle --- 
Request URL: http://localhost:8080/api/product/page
Start Time: 1527455595260
Principal: org.springframework.security.authentication.UsernamePasswordAuthenticationToken@251fe789: Principal: lt.mif.ise.security.MyUserDetails@610270c7; Credentials: [PROTECTED]; Authenticated: true; Details: org.springframework.security.web.authentication.WebAuthenticationDetails@957e: RemoteIpAddress: 127.0.0.1; SessionId: null; Granted Authorities: ROLE_USER
Method: GET
2018-05-28 00:13:15.280  INFO 4196 --- [http-nio-8080-exec-2] lt.mif.ise.logging.MethodLogger          : 

-------- Logger.postHandle --- 
Request URL: http://localhost:8080/api/product/page
STATUS: 200
2018-05-28 00:38:54.276  INFO 4196 --- [http-nio-8080-exec-9] lt.mif.ise.logging.MethodLogger          : 

-------- Logger.preHandle --- 
Request URL: http://localhost:8080/api/product/page
Start Time: 1527457134276
Principal: org.springframework.security.authentication.UsernamePasswordAuthenticationToken@251fe789: Principal: lt.mif.ise.security.MyUserDetails@610270c7; Credentials: [PROTECTED]; Authenticated: true; Details: org.springframework.security.web.authentication.WebAuthenticationDetails@957e: RemoteIpAddress: 127.0.0.1; SessionId: null; Granted Authorities: ROLE_USER
Method: GET
2018-05-28 00:38:54.277  INFO 4196 --- [http-nio-8080-exec-6] lt.mif.ise.logging.MethodLogger          : 

-------- Logger.preHandle --- 
Request URL: http://localhost:8080/api/category
Start Time: 1527457134277
Principal: org.springframework.security.authentication.UsernamePasswordAuthenticationToken@251fe789: Principal: lt.mif.ise.security.MyUserDetails@610270c7; Credentials: [PROTECTED]; Authenticated: true; Details: org.springframework.security.web.authentication.WebAuthenticationDetails@957e: RemoteIpAddress: 127.0.0.1; SessionId: null; Granted Authorities: ROLE_USER
Method: GET
2018-05-28 00:38:54.284  INFO 4196 --- [http-nio-8080-exec-6] lt.mif.ise.logging.MethodLogger          : 

-------- Logger.postHandle --- 
Request URL: http://localhost:8080/api/category
STATUS: 200
2018-05-28 00:38:54.288  INFO 4196 --- [http-nio-8080-exec-9] lt.mif.ise.logging.MethodLogger          : 

-------- Logger.postHandle --- 
Request URL: http://localhost:8080/api/product/page
STATUS: 200
2018-05-28 00:38:54.291  INFO 4196 --- [http-nio-8080-exec-3] lt.mif.ise.logging.MethodLogger          : 

-------- Logger.preHandle --- 
Request URL: http://localhost:8080/api/user/me
Start Time: 1527457134291
Principal: org.springframework.security.authentication.UsernamePasswordAuthenticationToken@251fe789: Principal: lt.mif.ise.security.MyUserDetails@610270c7; Credentials: [PROTECTED]; Authenticated: true; Details: org.springframework.security.web.authentication.WebAuthenticationDetails@957e: RemoteIpAddress: 127.0.0.1; SessionId: null; Granted Authorities: ROLE_USER
Method: GET
2018-05-28 00:38:54.292  INFO 4196 --- [http-nio-8080-exec-10] lt.mif.ise.logging.MethodLogger          : 

-------- Logger.preHandle --- 
Request URL: http://localhost:8080/api/shoppingcart
Start Time: 1527457134292
Principal: org.springframework.security.authentication.UsernamePasswordAuthenticationToken@251fe789: Principal: lt.mif.ise.security.MyUserDetails@610270c7; Credentials: [PROTECTED]; Authenticated: true; Details: org.springframework.security.web.authentication.WebAuthenticationDetails@957e: RemoteIpAddress: 127.0.0.1; SessionId: null; Granted Authorities: ROLE_USER
Method: GET
2018-05-28 00:38:54.297  INFO 4196 --- [http-nio-8080-exec-3] lt.mif.ise.logging.MethodLogger          : 

-------- Logger.postHandle --- 
Request URL: http://localhost:8080/api/user/me
STATUS: 200
2018-05-28 00:38:54.298  INFO 4196 --- [http-nio-8080-exec-10] lt.mif.ise.logging.MethodLogger          : 

-------- Logger.postHandle --- 
Request URL: http://localhost:8080/api/shoppingcart
STATUS: 200
2018-05-28 00:38:54.577  INFO 4196 --- [http-nio-8080-exec-1] lt.mif.ise.logging.MethodLogger          : 

-------- Logger.preHandle --- 
Request URL: http://localhost:8080/api/product/page
Start Time: 1527457134577
Principal: org.springframework.security.authentication.UsernamePasswordAuthenticationToken@251fe789: Principal: lt.mif.ise.security.MyUserDetails@610270c7; Credentials: [PROTECTED]; Authenticated: true; Details: org.springframework.security.web.authentication.WebAuthenticationDetails@957e: RemoteIpAddress: 127.0.0.1; SessionId: null; Granted Authorities: ROLE_USER
Method: GET
2018-05-28 00:38:54.585  INFO 4196 --- [http-nio-8080-exec-1] lt.mif.ise.logging.MethodLogger          : 

-------- Logger.postHandle --- 
Request URL: http://localhost:8080/api/product/page
STATUS: 200
2018-05-28 00:40:08.701  INFO 4196 --- [http-nio-8080-exec-5] lt.mif.ise.logging.MethodLogger          : 

-------- Logger.preHandle --- 
Request URL: http://localhost:8080/api/user/update/email
Start Time: 1527457208701
Principal: org.springframework.security.authentication.UsernamePasswordAuthenticationToken@251fe789: Principal: lt.mif.ise.security.MyUserDetails@610270c7; Credentials: [PROTECTED]; Authenticated: true; Details: org.springframework.security.web.authentication.WebAuthenticationDetails@957e: RemoteIpAddress: 127.0.0.1; SessionId: null; Granted Authorities: ROLE_USER
Method: POST
2018-05-28 00:40:08.809  INFO 4196 --- [http-nio-8080-exec-5] lt.mif.ise.logging.MethodLogger          : 

-------- Logger.postHandle --- 
Request URL: http://localhost:8080/api/user/update/email
STATUS: 200
2018-05-28 00:40:59.502  INFO 4196 --- [http-nio-8080-exec-4] lt.mif.ise.logging.MethodLogger          : 

-------- Logger.preHandle --- 
Request URL: http://localhost:8080/api/user/me
Start Time: 1527457259502
Principal: org.springframework.security.authentication.UsernamePasswordAuthenticationToken@251fe789: Principal: lt.mif.ise.security.MyUserDetails@610270c7; Credentials: [PROTECTED]; Authenticated: true; Details: org.springframework.security.web.authentication.WebAuthenticationDetails@957e: RemoteIpAddress: 127.0.0.1; SessionId: null; Granted Authorities: ROLE_USER
Method: GET
2018-05-28 00:40:59.505  INFO 4196 --- [http-nio-8080-exec-4] lt.mif.ise.logging.MethodLogger          : 

-------- Logger.postHandle --- 
Request URL: http://localhost:8080/api/user/me
STATUS: 200
2018-05-28 00:40:59.685  INFO 4196 --- [http-nio-8080-exec-7] lt.mif.ise.logging.MethodLogger          : 

-------- Logger.preHandle --- 
Request URL: http://localhost:8080/api/shoppingcart
Start Time: 1527457259685
Principal: org.springframework.security.authentication.UsernamePasswordAuthenticationToken@251fe789: Principal: lt.mif.ise.security.MyUserDetails@610270c7; Credentials: [PROTECTED]; Authenticated: true; Details: org.springframework.security.web.authentication.WebAuthenticationDetails@957e: RemoteIpAddress: 127.0.0.1; SessionId: null; Granted Authorities: ROLE_USER
Method: GET
2018-05-28 00:40:59.691  INFO 4196 --- [http-nio-8080-exec-7] lt.mif.ise.logging.MethodLogger          : 

-------- Logger.postHandle --- 
Request URL: http://localhost:8080/api/shoppingcart
STATUS: 200
2018-05-28 00:41:02.786  INFO 4196 --- [http-nio-8080-exec-8] lt.mif.ise.logging.MethodLogger          : 

-------- Logger.preHandle --- 
Request URL: http://localhost:8080/api/user/update/email
Start Time: 1527457262786
Principal: org.springframework.security.authentication.UsernamePasswordAuthenticationToken@251fe789: Principal: lt.mif.ise.security.MyUserDetails@610270c7; Credentials: [PROTECTED]; Authenticated: true; Details: org.springframework.security.web.authentication.WebAuthenticationDetails@957e: RemoteIpAddress: 127.0.0.1; SessionId: null; Granted Authorities: ROLE_USER
Method: POST
2018-05-28 00:41:02.817  WARN 4196 --- [http-nio-8080-exec-8] .m.m.a.ExceptionHandlerExceptionResolver : Resolved exception caused by Handler execution: lt.mif.ise.error.exception.NotFoundException: User testUser@gmail.com not found
2018-05-28 00:41:02.817  INFO 4196 --- [http-nio-8080-exec-8] lt.mif.ise.logging.MethodLogger          : 

-------- Logger.postHandle --- 
Request URL: http://localhost:8080/api/user/update/email
STATUS: 404
2018-05-28 00:41:05.338  INFO 4196 --- [http-nio-8080-exec-2] lt.mif.ise.logging.MethodLogger          : 

-------- Logger.preHandle --- 
Request URL: http://localhost:8080/api/user/update/email
Start Time: 1527457265337
Principal: org.springframework.security.authentication.UsernamePasswordAuthenticationToken@251fe789: Principal: lt.mif.ise.security.MyUserDetails@610270c7; Credentials: [PROTECTED]; Authenticated: true; Details: org.springframework.security.web.authentication.WebAuthenticationDetails@957e: RemoteIpAddress: 127.0.0.1; SessionId: null; Granted Authorities: ROLE_USER
Method: POST
2018-05-28 00:41:05.369  WARN 4196 --- [http-nio-8080-exec-2] .m.m.a.ExceptionHandlerExceptionResolver : Resolved exception caused by Handler execution: lt.mif.ise.error.exception.NotFoundException: User testUser@gmail.com not found
2018-05-28 00:41:05.374  INFO 4196 --- [http-nio-8080-exec-2] lt.mif.ise.logging.MethodLogger          : 

-------- Logger.postHandle --- 
Request URL: http://localhost:8080/api/user/update/email
STATUS: 404
2018-05-28 00:41:06.251  INFO 4196 --- [http-nio-8080-exec-6] lt.mif.ise.logging.MethodLogger          : 

-------- Logger.preHandle --- 
Request URL: http://localhost:8080/api/user/update/email
Start Time: 1527457266251
Principal: org.springframework.security.authentication.UsernamePasswordAuthenticationToken@251fe789: Principal: lt.mif.ise.security.MyUserDetails@610270c7; Credentials: [PROTECTED]; Authenticated: true; Details: org.springframework.security.web.authentication.WebAuthenticationDetails@957e: RemoteIpAddress: 127.0.0.1; SessionId: null; Granted Authorities: ROLE_USER
Method: POST
2018-05-28 00:41:06.258  WARN 4196 --- [http-nio-8080-exec-6] .m.m.a.ExceptionHandlerExceptionResolver : Resolved exception caused by Handler execution: lt.mif.ise.error.exception.NotFoundException: User testUser@gmail.com not found
2018-05-28 00:41:06.258  INFO 4196 --- [http-nio-8080-exec-6] lt.mif.ise.logging.MethodLogger          : 

-------- Logger.postHandle --- 
Request URL: http://localhost:8080/api/user/update/email
STATUS: 404
2018-05-28 00:43:23.250  INFO 4196 --- [http-nio-8080-exec-3] lt.mif.ise.logging.MethodLogger          : 

-------- Logger.preHandle --- 
Request URL: http://localhost:8080/api/shoppingcart
Start Time: 1527457403250
Principal: org.springframework.security.authentication.UsernamePasswordAuthenticationToken@251fe789: Principal: lt.mif.ise.security.MyUserDetails@610270c7; Credentials: [PROTECTED]; Authenticated: true; Details: org.springframework.security.web.authentication.WebAuthenticationDetails@957e: RemoteIpAddress: 127.0.0.1; SessionId: null; Granted Authorities: ROLE_USER
Method: GET
2018-05-28 00:43:23.253  INFO 4196 --- [http-nio-8080-exec-9] lt.mif.ise.logging.MethodLogger          : 

-------- Logger.preHandle --- 
Request URL: http://localhost:8080/api/user/me
Start Time: 1527457403253
Principal: org.springframework.security.authentication.UsernamePasswordAuthenticationToken@251fe789: Principal: lt.mif.ise.security.MyUserDetails@610270c7; Credentials: [PROTECTED]; Authenticated: true; Details: org.springframework.security.web.authentication.WebAuthenticationDetails@957e: RemoteIpAddress: 127.0.0.1; SessionId: null; Granted Authorities: ROLE_USER
Method: GET
2018-05-28 00:43:23.254  INFO 4196 --- [http-nio-8080-exec-3] lt.mif.ise.logging.MethodLogger          : 

-------- Logger.postHandle --- 
Request URL: http://localhost:8080/api/shoppingcart
STATUS: 200
2018-05-28 00:43:23.264  INFO 4196 --- [http-nio-8080-exec-9] lt.mif.ise.logging.MethodLogger          : 

-------- Logger.postHandle --- 
Request URL: http://localhost:8080/api/user/me
STATUS: 200
2018-05-28 00:43:27.448  INFO 4196 --- [http-nio-8080-exec-10] lt.mif.ise.logging.MethodLogger          : 

-------- Logger.preHandle --- 
Request URL: http://localhost:8080/api/user/update/email
Start Time: 1527457407448
Principal: org.springframework.security.authentication.UsernamePasswordAuthenticationToken@251fe789: Principal: lt.mif.ise.security.MyUserDetails@610270c7; Credentials: [PROTECTED]; Authenticated: true; Details: org.springframework.security.web.authentication.WebAuthenticationDetails@957e: RemoteIpAddress: 127.0.0.1; SessionId: null; Granted Authorities: ROLE_USER
Method: POST
2018-05-28 00:43:27.456  WARN 4196 --- [http-nio-8080-exec-10] .m.m.a.ExceptionHandlerExceptionResolver : Resolved exception caused by Handler execution: lt.mif.ise.error.exception.NotFoundException: User testUser@gmail.com not found
2018-05-28 00:43:27.460  INFO 4196 --- [http-nio-8080-exec-10] lt.mif.ise.logging.MethodLogger          : 

-------- Logger.postHandle --- 
Request URL: http://localhost:8080/api/user/update/email
STATUS: 404
2018-05-28 00:43:40.259  INFO 4196 --- [http-nio-8080-exec-1] lt.mif.ise.logging.MethodLogger          : 

-------- Logger.preHandle --- 
Request URL: http://localhost:8080/api/user/me
Start Time: 1527457420259
Principal: org.springframework.security.authentication.UsernamePasswordAuthenticationToken@251fe789: Principal: lt.mif.ise.security.MyUserDetails@610270c7; Credentials: [PROTECTED]; Authenticated: true; Details: org.springframework.security.web.authentication.WebAuthenticationDetails@957e: RemoteIpAddress: 127.0.0.1; SessionId: null; Granted Authorities: ROLE_USER
Method: GET
2018-05-28 00:43:40.262  INFO 4196 --- [http-nio-8080-exec-1] lt.mif.ise.logging.MethodLogger          : 

-------- Logger.postHandle --- 
Request URL: http://localhost:8080/api/user/me
STATUS: 200
2018-05-28 00:43:40.429  INFO 4196 --- [http-nio-8080-exec-5] lt.mif.ise.logging.MethodLogger          : 

-------- Logger.preHandle --- 
Request URL: http://localhost:8080/api/shoppingcart
Start Time: 1527457420429
Principal: org.springframework.security.authentication.UsernamePasswordAuthenticationToken@251fe789: Principal: lt.mif.ise.security.MyUserDetails@610270c7; Credentials: [PROTECTED]; Authenticated: true; Details: org.springframework.security.web.authentication.WebAuthenticationDetails@957e: RemoteIpAddress: 127.0.0.1; SessionId: null; Granted Authorities: ROLE_USER
Method: GET
2018-05-28 00:43:40.434  INFO 4196 --- [http-nio-8080-exec-5] lt.mif.ise.logging.MethodLogger          : 

-------- Logger.postHandle --- 
Request URL: http://localhost:8080/api/shoppingcart
STATUS: 200
2018-05-28 00:44:56.640  INFO 4196 --- [http-nio-8080-exec-4] lt.mif.ise.logging.MethodLogger          : 

-------- Logger.preHandle --- 
Request URL: http://localhost:8080/api/user/me
Start Time: 1527457496639
Principal: org.springframework.security.authentication.UsernamePasswordAuthenticationToken@251fe789: Principal: lt.mif.ise.security.MyUserDetails@610270c7; Credentials: [PROTECTED]; Authenticated: true; Details: org.springframework.security.web.authentication.WebAuthenticationDetails@957e: RemoteIpAddress: 127.0.0.1; SessionId: null; Granted Authorities: ROLE_USER
Method: GET
2018-05-28 00:44:56.642  INFO 4196 --- [http-nio-8080-exec-4] lt.mif.ise.logging.MethodLogger          : 

-------- Logger.postHandle --- 
Request URL: http://localhost:8080/api/user/me
STATUS: 200
2018-05-28 00:44:56.646  INFO 4196 --- [http-nio-8080-exec-7] lt.mif.ise.logging.MethodLogger          : 

-------- Logger.preHandle --- 
Request URL: http://localhost:8080/api/shoppingcart
Start Time: 1527457496646
Principal: org.springframework.security.authentication.UsernamePasswordAuthenticationToken@251fe789: Principal: lt.mif.ise.security.MyUserDetails@610270c7; Credentials: [PROTECTED]; Authenticated: true; Details: org.springframework.security.web.authentication.WebAuthenticationDetails@957e: RemoteIpAddress: 127.0.0.1; SessionId: null; Granted Authorities: ROLE_USER
Method: GET
2018-05-28 00:44:56.657  INFO 4196 --- [http-nio-8080-exec-7] lt.mif.ise.logging.MethodLogger          : 

-------- Logger.postHandle --- 
Request URL: http://localhost:8080/api/shoppingcart
STATUS: 200
2018-05-28 00:45:00.428  INFO 4196 --- [http-nio-8080-exec-8] lt.mif.ise.logging.MethodLogger          : 

-------- Logger.preHandle --- 
Request URL: http://localhost:8080/api/user/update/email
Start Time: 1527457500428
Principal: org.springframework.security.authentication.UsernamePasswordAuthenticationToken@251fe789: Principal: lt.mif.ise.security.MyUserDetails@610270c7; Credentials: [PROTECTED]; Authenticated: true; Details: org.springframework.security.web.authentication.WebAuthenticationDetails@957e: RemoteIpAddress: 127.0.0.1; SessionId: null; Granted Authorities: ROLE_USER
Method: POST
2018-05-28 00:45:00.435  WARN 4196 --- [http-nio-8080-exec-8] .m.m.a.ExceptionHandlerExceptionResolver : Resolved exception caused by Handler execution: lt.mif.ise.error.exception.NotFoundException: User testUser@gmail.com not found
2018-05-28 00:45:00.436  INFO 4196 --- [http-nio-8080-exec-8] lt.mif.ise.logging.MethodLogger          : 

-------- Logger.postHandle --- 
Request URL: http://localhost:8080/api/user/update/email
STATUS: 404
2018-05-28 00:45:05.351  INFO 4196 --- [http-nio-8080-exec-2] lt.mif.ise.logging.MethodLogger          : 

-------- Logger.preHandle --- 
Request URL: http://localhost:8080/api/user/update/email
Start Time: 1527457505351
Principal: org.springframework.security.authentication.UsernamePasswordAuthenticationToken@251fe789: Principal: lt.mif.ise.security.MyUserDetails@610270c7; Credentials: [PROTECTED]; Authenticated: true; Details: org.springframework.security.web.authentication.WebAuthenticationDetails@957e: RemoteIpAddress: 127.0.0.1; SessionId: null; Granted Authorities: ROLE_USER
Method: POST
2018-05-28 00:45:05.361  WARN 4196 --- [http-nio-8080-exec-2] .m.m.a.ExceptionHandlerExceptionResolver : Resolved exception caused by Handler execution: lt.mif.ise.error.exception.NotFoundException: User testUser@gmail.com not found
2018-05-28 00:45:05.364  INFO 4196 --- [http-nio-8080-exec-2] lt.mif.ise.logging.MethodLogger          : 

-------- Logger.postHandle --- 
Request URL: http://localhost:8080/api/user/update/email
STATUS: 404
2018-05-28 00:45:05.503  INFO 4196 --- [http-nio-8080-exec-6] lt.mif.ise.logging.MethodLogger          : 

-------- Logger.preHandle --- 
Request URL: http://localhost:8080/api/user/update/email
Start Time: 1527457505503
Principal: org.springframework.security.authentication.UsernamePasswordAuthenticationToken@251fe789: Principal: lt.mif.ise.security.MyUserDetails@610270c7; Credentials: [PROTECTED]; Authenticated: true; Details: org.springframework.security.web.authentication.WebAuthenticationDetails@957e: RemoteIpAddress: 127.0.0.1; SessionId: null; Granted Authorities: ROLE_USER
Method: POST
2018-05-28 00:45:05.510  WARN 4196 --- [http-nio-8080-exec-6] .m.m.a.ExceptionHandlerExceptionResolver : Resolved exception caused by Handler execution: lt.mif.ise.error.exception.NotFoundException: User testUser@gmail.com not found
2018-05-28 00:45:05.511  INFO 4196 --- [http-nio-8080-exec-6] lt.mif.ise.logging.MethodLogger          : 

-------- Logger.postHandle --- 
Request URL: http://localhost:8080/api/user/update/email
STATUS: 404
2018-05-28 00:45:05.602  INFO 4196 --- [http-nio-8080-exec-3] lt.mif.ise.logging.MethodLogger          : 

-------- Logger.preHandle --- 
Request URL: http://localhost:8080/api/user/update/email
Start Time: 1527457505602
Principal: org.springframework.security.authentication.UsernamePasswordAuthenticationToken@251fe789: Principal: lt.mif.ise.security.MyUserDetails@610270c7; Credentials: [PROTECTED]; Authenticated: true; Details: org.springframework.security.web.authentication.WebAuthenticationDetails@957e: RemoteIpAddress: 127.0.0.1; SessionId: null; Granted Authorities: ROLE_USER
Method: POST
2018-05-28 00:45:05.609  WARN 4196 --- [http-nio-8080-exec-3] .m.m.a.ExceptionHandlerExceptionResolver : Resolved exception caused by Handler execution: lt.mif.ise.error.exception.NotFoundException: User testUser@gmail.com not found
2018-05-28 00:45:05.610  INFO 4196 --- [http-nio-8080-exec-3] lt.mif.ise.logging.MethodLogger          : 

-------- Logger.postHandle --- 
Request URL: http://localhost:8080/api/user/update/email
STATUS: 404
